scheduler-lib/build/intermediates/manifest_merge_blame_file/debug/manifest-merger-blame-debug-report.txt
1<?xml version="1.0" encoding="utf-8"?>
2<manifest xmlns:android="http://schemas.android.com/apk/res/android"
3    package="com.example.scheduler.lib" >
4
5    <uses-sdk android:minSdkVersion="21" />
6
7    <uses-permission android:name="android.permission.WAKE_LOCK" />
7-->src/main/AndroidManifest.xml:3:5-68
7-->src/main/AndroidManifest.xml:3:22-65
8    <uses-permission android:name="android.permission.RECEIVE_BOOT_COMPLETED" />
8-->src/main/AndroidManifest.xml:4:5-81
8-->src/main/AndroidManifest.xml:4:22-78
9    <uses-permission android:name="android.permission.FOREGROUND_SERVICE" />
9-->src/main/AndroidManifest.xml:5:5-77
9-->src/main/AndroidManifest.xml:5:22-74
10    <uses-permission android:name="android.permission.FOREGROUND_SERVICE_DATA_SYNC" />
10-->src/main/AndroidManifest.xml:6:5-87
10-->src/main/AndroidManifest.xml:6:22-84
11    <uses-permission android:name="android.permission.SCHEDULE_EXACT_ALARM" />
11-->src/main/AndroidManifest.xml:7:5-79
11-->src/main/AndroidManifest.xml:7:22-76
12    <uses-permission android:name="android.permission.REQUEST_IGNORE_BATTERY_OPTIMIZATIONS" />
12-->src/main/AndroidManifest.xml:8:5-95
12-->src/main/AndroidManifest.xml:8:22-92
13    <uses-permission android:name="android.permission.INTERNET" />
13-->src/main/AndroidManifest.xml:9:5-67
13-->src/main/AndroidManifest.xml:9:22-64
14    <uses-permission android:name="android.permission.ACCESS_NETWORK_STATE" />
14-->src/main/AndroidManifest.xml:10:5-79
14-->src/main/AndroidManifest.xml:10:22-76
15
16    <application>
16-->src/main/AndroidManifest.xml:12:5-39:19
17        <receiver
17-->src/main/AndroidManifest.xml:13:9-16:40
18            android:name="com.example.scheduler.lib.receiver.AlarmReceiver"
18-->src/main/AndroidManifest.xml:14:13-51
19            android:enabled="true"
19-->src/main/AndroidManifest.xml:15:13-35
20            android:exported="false" />
20-->src/main/AndroidManifest.xml:16:13-37
21        <receiver
21-->src/main/AndroidManifest.xml:18:9-26:20
22            android:name="com.example.scheduler.lib.receiver.BootReceiver"
22-->src/main/AndroidManifest.xml:19:13-50
23            android:enabled="true"
23-->src/main/AndroidManifest.xml:20:13-35
24            android:exported="true" >
24-->src/main/AndroidManifest.xml:21:13-36
25            <intent-filter>
25-->src/main/AndroidManifest.xml:22:13-25:29
26                <action android:name="android.intent.action.BOOT_COMPLETED" />
26-->src/main/AndroidManifest.xml:23:17-79
26-->src/main/AndroidManifest.xml:23:25-76
27                <action android:name="android.intent.action.QUICKBOOT_POWERON" />
27-->src/main/AndroidManifest.xml:24:17-82
27-->src/main/AndroidManifest.xml:24:25-79
28            </intent-filter>
29        </receiver>
30
31        <service
31-->src/main/AndroidManifest.xml:28:9-32:56
32            android:name="com.example.scheduler.lib.service.SchedulerService"
32-->src/main/AndroidManifest.xml:29:13-53
33            android:enabled="true"
33-->src/main/AndroidManifest.xml:30:13-35
34            android:exported="false"
34-->src/main/AndroidManifest.xml:31:13-37
35            android:foregroundServiceType="dataSync" />
35-->src/main/AndroidManifest.xml:32:13-53
36        <service
36-->src/main/AndroidManifest.xml:34:9-38:56
37            android:name="com.example.scheduler.lib.core.CoreService"
37-->src/main/AndroidManifest.xml:35:13-45
38            android:enabled="true"
38-->src/main/AndroidManifest.xml:36:13-35
39            android:exported="false"
39-->src/main/AndroidManifest.xml:37:13-37
40            android:foregroundServiceType="dataSync" />
40-->src/main/AndroidManifest.xml:38:13-53
41    </application>
42
43</manifest>